d:\game development\networking assignment\gdap_asteroids\projects\asteroids\asteroids\asteroids\debug\asteroids-debug.pch
d:\game development\networking assignment\gdap_asteroids\projects\asteroids\asteroids\asteroids\debug\vc141.pdb
d:\game development\networking assignment\gdap_asteroids\projects\asteroids\asteroids\asteroids\debug\vc141.idb
d:\game development\networking assignment\gdap_asteroids\projects\asteroids\asteroids\asteroids\debug\asteroid.obj
d:\game development\networking assignment\gdap_asteroids\projects\asteroids\asteroids\asteroids\debug\asteroidfactory.obj
d:\game development\networking assignment\gdap_asteroids\projects\asteroids\asteroids\asteroids\debug\background.obj
d:\game development\networking assignment\gdap_asteroids\projects\asteroids\asteroids\asteroids\debug\inputcontroller.obj
d:\game development\networking assignment\gdap_asteroids\projects\asteroids\asteroids\asteroids\debug\main.obj
d:\game development\networking assignment\gdap_asteroids\projects\asteroids\bin\asteroids-debug.ilk
d:\game development\networking assignment\gdap_asteroids\projects\asteroids\bin\asteroids-debug.exe
d:\game development\networking assignment\gdap_asteroids\projects\asteroids\bin\asteroids-debug.pdb
d:\game development\networking assignment\gdap_asteroids\projects\asteroids\asteroids\asteroids\..\..\bin\asteroids-debug.pdb
d:\game development\networking assignment\gdap_asteroids\projects\asteroids\asteroids\asteroids\..\..\bin\asteroids-debug.exe
d:\game development\networking assignment\gdap_asteroids\projects\asteroids\asteroids\asteroids\..\..\bin\asteroids-debug.ilk
d:\game development\networking assignment\gdap_asteroids\projects\asteroids\asteroids\asteroids\debug\asteroids.tlog\cl.command.1.tlog
d:\game development\networking assignment\gdap_asteroids\projects\asteroids\asteroids\asteroids\debug\asteroids.tlog\cl.read.1.tlog
d:\game development\networking assignment\gdap_asteroids\projects\asteroids\asteroids\asteroids\debug\asteroids.tlog\cl.write.1.tlog
d:\game development\networking assignment\gdap_asteroids\projects\asteroids\asteroids\asteroids\debug\asteroids.tlog\link.command.1.tlog
d:\game development\networking assignment\gdap_asteroids\projects\asteroids\asteroids\asteroids\debug\asteroids.tlog\link.read.1.tlog
d:\game development\networking assignment\gdap_asteroids\projects\asteroids\asteroids\asteroids\debug\asteroids.tlog\link.write.1.tlog
